<?xml version="1.0" encoding="UTF-8"?>
<!-- Generated by org.testng.reporters.JUnitReportReporter -->
<testsuite hostname="LAPTOP-B629HF0I" failures="0" tests="5" name="modul.practice1" time="21.939" errors="0" timestamp="2025-11-24T12:19:53 IST" skipped="0">
  <testcase classname="modul.practice1" name="instagram" time="2.280"/>
  <testcase classname="modul.practice1" name="amazon" time="2.416"/>
  <testcase classname="modul.practice1" name="facebook" time="2.959"/>
  <testcase classname="modul.practice1" name="twitter" time="10.851"/>
  <testcase classname="modul.practice1" name="flipkart" time="3.433"/>
</testsuite> <!-- modul.practice1 -->
