<?xml version="1.0" encoding="UTF-8"?>
<testng-results ignored="0" total="1" passed="1" failed="0" skipped="0">
  <reporter-output>
  </reporter-output>
  <suite started-at="2025-12-11T14:18:42 IST" name="Default suite" finished-at="2025-12-11T14:18:51 IST" duration-ms="8934">
    <groups>
    </groups>
    <test started-at="2025-12-11T14:18:42 IST" name="Default test" finished-at="2025-12-11T14:18:51 IST" duration-ms="8934">
      <class name="modul.tabtext">
        <test-method is-config="true" signature="beforeTest()[pri:0, instance:modul.tabtext@2a5c8d3f]" started-at="2025-12-11T14:18:42 IST" name="beforeTest" finished-at="2025-12-11T14:18:45 IST" duration-ms="3044" status="PASS">
          <reporter-output>
          </reporter-output>
        </test-method> <!-- beforeTest -->
        <test-method signature="Tabtext()[pri:0, instance:modul.tabtext@2a5c8d3f]" started-at="2025-12-11T14:18:45 IST" name="Tabtext" finished-at="2025-12-11T14:18:51 IST" duration-ms="5783" status="PASS">
          <reporter-output>
          </reporter-output>
        </test-method> <!-- Tabtext -->
      </class> <!-- modul.tabtext -->
    </test> <!-- Default test -->
  </suite> <!-- Default suite -->
</testng-results>
